Build started 8/16/2016 2:57:59 PM.
     1>Project "C:\Users\marek\Documents\Visual Studio 2013\Projects\OgreTest\OgreTest\OgreTest.vcxproj" on node 2 (Rebuild target(s)).
     1>ClCompile:
         C:\Program Files (x86)\Microsoft Visual Studio 12.0\VC\bin\CL.exe /c /I"C:\Intel\INDE\OgreSDK_1-9-0\ogre-dependencies-winrt\lib\Release\ogre-dependencies-winrt\include" /I"C:\Intel\INDE\OgreSDK_1-9-0\ogre-dependencies-winrt\lib\Release\Ogre\OgreMain\include" /I"C:\Intel\INDE\OgreSDK_1-9-0\ogre-dependencies-winrt\lib\Release\Ogre\build\include" /I"C:\Intel\INDE\OgreSDK_1-9-0\ogre-dependencies-winrt\lib\Release\ogre-dependencies-winrt\src\ois\includes" /I"C:\Intel\INDE\OgreSDK_1-9-0\ogre-dependencies-winrt\lib\Release\Ogre" /I"C:\Intel\INDE\OgreSDK_1-9-0\ogre-dependencies-winrt\lib\Release\Ogre\OgreMain\include\Threading" /I"C:\Intel\INDE\OgreSDK_1-9-0\ogre-dependencies-winrt\lib\Release\Ogre\Samples\Common\include" /I"C:\Intel\INDE\OgreSDK_1-9-0\ogre-dependencies-winrt\lib\Release\Ogre\Components\RTShaderSystem\include" /I"C:\Intel\INDE\OgreSDK_1-9-0\ogre-dependencies-winrt\lib\Release\Ogre\Components\Overlay\include" /I"C:\Intel\INDE\OgreSDK_1-9-0\ogre-dependencies-winrt\lib\Release\ogre-dependencies-winrt\include\OIS" /ZI /nologo /W3 /WX- /sdl /Od /Oy- /D WIN32 /D _DEBUG /D _CONSOLE /D _LIB /D _MBCS /Gm /EHsc /RTC1 /MDd /GS /fp:precise /Zc:wchar_t /Zc:forScope /Fo"Debug\\" /Fd"Debug\vc120.pdb" /Gd /TP /analyze- /errorReport:prompt ..\..\..\..\..\Downloads\fixer\instalacky_unzip\ogre_example\BaseApplication.cpp ..\..\..\..\..\Downloads\fixer\instalacky_unzip\ogre_example\TutorialApplication.cpp
         TutorialApplication.cpp
     1>c:\users\marek\downloads\fixer\instalacky_unzip\ogre_example\baseapplication.h(20): fatal error C1083: Cannot open include file: 'OgreCamera.h': No such file or directory
         BaseApplication.cpp
     1>c:\users\marek\downloads\fixer\instalacky_unzip\ogre_example\baseapplication.h(20): fatal error C1083: Cannot open include file: 'OgreCamera.h': No such file or directory
         Generating Code...
     1>Done Building Project "C:\Users\marek\Documents\Visual Studio 2013\Projects\OgreTest\OgreTest\OgreTest.vcxproj" (Rebuild target(s)) -- FAILED.

Build FAILED.

Time Elapsed 00:00:00.61
